<?xml version="1.0" encoding="UTF-8"?>
<!-- Generated by org.testng.reporters.JUnitReportReporter -->
<testsuite skipped="0" hostname="EDSON-PC" name="test.Lunes" tests="1" failures="0" timestamp="03 dic 2020 01:38:44 GMT" time="1.175" errors="0">
  <testcase name="Body" time="1.175" classname="test.Lunes"/>
</testsuite> <!-- test.Lunes -->
