<?xml version="1.0" encoding="UTF-8"?>
<!-- Generated by org.testng.reporters.JUnitReportReporter -->
<testsuite hostname="45HW010461" failures="0" tests="1" name="demo2.SnapDeal" time="7.856" errors="0" timestamp="20 Jul 2021 16:53:50 GMT" skipped="0">
  <testcase classname="demo2.SnapDeal" name="testOnChromeWithBrowserStackSignUp" time="7.856"/>
</testsuite> <!-- demo2.SnapDeal -->
