<?xml version="1.0" encoding="UTF-8"?>
<!-- Generated by org.testng.reporters.JUnitReportReporter -->
<testsuite hostname="45HW010461" failures="0" tests="1" name="demo1.Flipkart" time="10.699" errors="0" timestamp="20 Jul 2021 16:53:50 GMT" skipped="0">
  <testcase classname="demo1.Flipkart" name="testOnChromeWithBrowserStackUrl" time="10.699"/>
</testsuite> <!-- demo1.Flipkart -->
