<?xml version="1.0" encoding="UTF-8"?>
<!-- Generated by org.testng.reporters.JUnitReportReporter -->
<testsuite skipped="0" hostname="EDSON-PC" name="test.Viernes" tests="1" failures="0" timestamp="05 dic 2020 01:28:43 GMT" time="9.750" errors="0">
  <testcase name="Atest" time="9.750" classname="test.Viernes"/>
</testsuite> <!-- test.Viernes -->
